<?xml version="1.0" encoding="utf-8"?><testsuites name="pytest tests"><testsuite name="pytest" errors="0" failures="0" skipped="0" tests="13" time="2.046" timestamp="2026-03-17T03:23:28.987385+00:00" hostname="agent-env-9f48c12a-d0b3-44f2-ba58-8444ed501590"><testcase classname="backend.tests.test_loan_tracking_bugfix.TestCodeStructure" name="test_trackLoanUsage_transfer_detection" time="0.001" /><testcase classname="backend.tests.test_loan_tracking_bugfix.TestCodeStructure" name="test_trackMultipleLoans_structure" time="0.000" /><testcase classname="backend.tests.test_loan_tracking_bugfix.TestCodeStructure" name="test_transfer_type_output" time="0.000" /><testcase classname="backend.tests.test_loan_tracking_bugfix.TestFrontendModal" name="test_modal_api_integration" time="0.000" /><testcase classname="backend.tests.test_loan_tracking_bugfix.TestFrontendModal" name="test_modal_displays_transfer_info" time="0.000" /><testcase classname="backend.tests.test_loan_tracking_bugfix.TestAPIEndpoints" name="test_trackLoanUsage_endpoint" time="1.034" /><testcase classname="backend.tests.test_loan_tracking_bugfix.TestAPIEndpoints" name="test_getSuspectedLoanDeposits_endpoint" time="0.229" /><testcase classname="backend.tests.test_loan_tracking_bugfix.TestAPIEndpoints" name="test_searchLoanDeposits_endpoint" time="0.466" /><testcase classname="backend.tests.test_loan_tracking_bugfix.TestAPIEndpoints" name="test_trackMultipleLoans_endpoint" time="0.258" /><testcase classname="backend.tests.test_loan_tracking_bugfix.TestLoanTrackingLogicDetails" name="test_scenario_transfer_within_same_case" time="0.000" /><testcase classname="backend.tests.test_loan_tracking_bugfix.TestLoanTrackingLogicDetails" name="test_scenario_normal_withdrawal_still_works" time="0.000" /><testcase classname="backend.tests.test_loan_tracking_bugfix.TestLoanTrackingLogicDetails" name="test_transfer_keywords_comprehensive" time="0.000" /><testcase classname="backend.tests.test_loan_tracking_bugfix.TestSummary" name="test_p0_bug_fix_complete" time="0.000" /></testsuite></testsuites>