<?xml version="1.0" encoding="utf-8"?><testsuites name="pytest tests"><testsuite name="pytest" errors="0" failures="5" skipped="0" tests="16" time="0.265" timestamp="2026-03-17T03:20:31.784701+00:00" hostname="agent-env-9f48c12a-d0b3-44f2-ba58-8444ed501590"><testcase classname="backend.tests.test_loan_tracking.TestDatabaseSetup" name="test_database_connection" time="0.026"><failure message="AssertionError: Server should respond&#10;assert 405 in [200, 400, 401, 500]&#10; +  where 405 = &lt;Response [405]&gt;.status_code">backend/tests/test_loan_tracking.py:76: in test_database_connection
    assert response.status_code in [200, 400, 401, 500], "Server should respond"
E   AssertionError: Server should respond
E   assert 405 in [200, 400, 401, 500]
E    +  where 405 = &lt;Response [405]&gt;.status_code</failure></testcase><testcase classname="backend.tests.test_loan_tracking.TestTrackLoanUsageLogic" name="test_transfer_keyword_detection_in_code" time="0.001" /><testcase classname="backend.tests.test_loan_tracking.TestTrackLoanUsageLogic" name="test_transfer_does_not_decrement_remaining_loan" time="0.001" /><testcase classname="backend.tests.test_loan_tracking.TestTrackLoanUsageLogic" name="test_break_condition_excludes_transfers" time="0.000" /><testcase classname="backend.tests.test_loan_tracking.TestTrackLoanUsageLogic" name="test_transfer_type_in_tracked_items" time="0.000" /><testcase classname="backend.tests.test_loan_tracking.TestTrackMultipleLoansLogic" name="test_dead_code_removed" time="0.000" /><testcase classname="backend.tests.test_loan_tracking.TestTrackMultipleLoansLogic" name="test_transfer_detection_via_date_amount" time="0.000" /><testcase classname="backend.tests.test_loan_tracking.TestTrackMultipleLoansLogic" name="test_transfer_count_in_summary" time="0.000" /><testcase classname="backend.tests.test_loan_tracking.TestTrackMultipleLoansLogic" name="test_transfer_does_not_decrement_remaining_in_multiple" time="0.000" /><testcase classname="backend.tests.test_loan_tracking.TestTrackLoanUsageIntegration" name="test_track_loan_usage_endpoint_exists" time="0.019"><failure message="AssertionError: Endpoint should exist. Got: 405&#10;assert 405 in [200, 400, 401, 500]&#10; +  where 405 = &lt;Response [405]&gt;.status_code">backend/tests/test_loan_tracking.py:334: in test_track_loan_usage_endpoint_exists
    assert response.status_code in [200, 400, 401, 500], \
E   AssertionError: Endpoint should exist. Got: 405
E   assert 405 in [200, 400, 401, 500]
E    +  where 405 = &lt;Response [405]&gt;.status_code</failure></testcase><testcase classname="backend.tests.test_loan_tracking.TestGetSuspectedLoanDeposits" name="test_suspected_loans_endpoint_exists" time="0.017"><failure message="AssertionError: Endpoint should exist. Got: 405&#10;assert 405 in [200, 400, 401, 500]&#10; +  where 405 = &lt;Response [405]&gt;.status_code">backend/tests/test_loan_tracking.py:357: in test_suspected_loans_endpoint_exists
    assert response.status_code in [200, 400, 401, 500], \
E   AssertionError: Endpoint should exist. Got: 405
E   assert 405 in [200, 400, 401, 500]
E    +  where 405 = &lt;Response [405]&gt;.status_code</failure></testcase><testcase classname="backend.tests.test_loan_tracking.TestSearchLoanDeposits" name="test_search_loan_deposits_endpoint_exists" time="0.018"><failure message="AssertionError: Endpoint should exist. Got: 405&#10;assert 405 in [200, 400, 401, 500]&#10; +  where 405 = &lt;Response [405]&gt;.status_code">backend/tests/test_loan_tracking.py:381: in test_search_loan_deposits_endpoint_exists
    assert response.status_code in [200, 400, 401, 500], \
E   AssertionError: Endpoint should exist. Got: 405
E   assert 405 in [200, 400, 401, 500]
E    +  where 405 = &lt;Response [405]&gt;.status_code</failure></testcase><testcase classname="backend.tests.test_loan_tracking.TestTrackMultipleLoans" name="test_track_multiple_loans_endpoint_exists" time="0.018"><failure message="AssertionError: Endpoint should exist. Got: 405&#10;assert 405 in [200, 400, 401, 500]&#10; +  where 405 = &lt;Response [405]&gt;.status_code">backend/tests/test_loan_tracking.py:405: in test_track_multiple_loans_endpoint_exists
    assert response.status_code in [200, 400, 401, 500], \
E   AssertionError: Endpoint should exist. Got: 405
E   assert 405 in [200, 400, 401, 500]
E    +  where 405 = &lt;Response [405]&gt;.status_code</failure></testcase><testcase classname="backend.tests.test_loan_tracking.TestFrontendIntegration" name="test_loan_tracking_modal_uses_correct_apis" time="0.000" /><testcase classname="backend.tests.test_loan_tracking.TestFrontendIntegration" name="test_loan_tracking_modal_displays_transfer_count" time="0.000" /><testcase classname="backend.tests.test_loan_tracking.TestFrontendIntegration" name="test_loan_tracking_modal_shows_transfer_type" time="0.000" /></testsuite></testsuites>