<?xml version="1.0" encoding="utf-8"?><testsuites name="pytest tests"><testsuite name="pytest" errors="0" failures="1" skipped="0" tests="8" time="6.412" timestamp="2026-02-23T06:07:28.192707+00:00" hostname="agent-env-8af87fbc-05eb-4566-90df-f9f739379b33"><testcase classname="backend.tests.test_super_role_and_memo.TestUserAuthentication" name="test_admin_user_login" time="0.375" /><testcase classname="backend.tests.test_super_role_and_memo.TestUserAuthentication" name="test_super_user_login" time="0.290" /><testcase classname="backend.tests.test_super_role_and_memo.TestTemplateAccessControl" name="test_admin_can_list_templates" time="0.623" /><testcase classname="backend.tests.test_super_role_and_memo.TestTemplateAccessControl" name="test_super_can_list_templates" time="0.897" /><testcase classname="backend.tests.test_super_role_and_memo.TestTemplateAccessControl" name="test_super_can_access_template_stats" time="0.837"><failure message="AssertionError: Super cannot access stats: {&quot;error&quot;:{&quot;json&quot;:{&quot;message&quot;:&quot;로그인이 필요합니다&quot;,&quot;code&quot;:-32001,&quot;data&quot;:{&quot;code&quot;:&quot;UNAUTHORIZED&quot;,&quot;httpStatus&quot;:401,&quot;stack&quot;:&quot;TRPCError: 로그인이 필요합니다\n    at /app/.next/server/chunks/[root-of-the-server]__fab303a7._.js:609:15\n    at callRecursive (file:///app/node_modules/@trpc/server/dist/initTRPC-T5bbc89W.mjs:256:24)\n    at next (file:///app/node_modules/@trpc/server/dist/initTRPC-T5bbc89W.mjs:262:12)\n    at /app/.next/server/chunks/[root-of-the-server]__fab303a7._.js:601:26\n    at async callRecursive (file:///app/node_modules/@trpc/server/dist/initTRPC-T5bbc89W.mjs:256:18)\n    at async procedure (file:///app/node_modules/@trpc/server/dist/initTRPC-T5bbc89W.mjs:281:18)\n    at async file:///app/node_modules/@trpc/server/dist/resolveResponse-C7AcnFLN.mjs:1941:18\n    at async resolveResponse (file:///app/node_modules/@trpc/server/dist/resolveResponse-C7AcnFLN.mjs:1966:28)\n    at async file:///app/node_modules/@trpc/server/dist/node-http-pD5xpNfK.mjs:203:22&quot;,&quot;path&quot;:&quot;template.getStats&quot;,&quot;zodError&quot;:null}}}}&#10;assert 401 == 200&#10; +  where 401 = &lt;Response [401]&gt;.status_code">backend/tests/test_super_role_and_memo.py:153: in test_super_can_access_template_stats
    assert response.status_code == 200, f"Super cannot access stats: {response.text}"
E   AssertionError: Super cannot access stats: {"error":{"json":{"message":"로그인이 필요합니다","code":-32001,"data":{"code":"UNAUTHORIZED","httpStatus":401,"stack":"TRPCError: 로그인이 필요합니다\n    at /app/.next/server/chunks/[root-of-the-server]__fab303a7._.js:609:15\n    at callRecursive (file:///app/node_modules/@trpc/server/dist/initTRPC-T5bbc89W.mjs:256:24)\n    at next (file:///app/node_modules/@trpc/server/dist/initTRPC-T5bbc89W.mjs:262:12)\n    at /app/.next/server/chunks/[root-of-the-server]__fab303a7._.js:601:26\n    at async callRecursive (file:///app/node_modules/@trpc/server/dist/initTRPC-T5bbc89W.mjs:256:18)\n    at async procedure (file:///app/node_modules/@trpc/server/dist/initTRPC-T5bbc89W.mjs:281:18)\n    at async file:///app/node_modules/@trpc/server/dist/resolveResponse-C7AcnFLN.mjs:1941:18\n    at async resolveResponse (file:///app/node_modules/@trpc/server/dist/resolveResponse-C7AcnFLN.mjs:1966:28)\n    at async file:///app/node_modules/@trpc/server/dist/node-http-pD5xpNfK.mjs:203:22","path":"template.getStats","zodError":null}}}}
E   assert 401 == 200
E    +  where 401 = &lt;Response [401]&gt;.status_code</failure></testcase><testcase classname="backend.tests.test_super_role_and_memo.TestMemoColumnHandling" name="test_template_has_memo_column" time="0.683" /><testcase classname="backend.tests.test_super_role_and_memo.TestTemplateCreateWithMemo" name="test_super_can_create_template_with_memo" time="1.068" /><testcase classname="backend.tests.test_super_role_and_memo.TestRoleComparison" name="test_both_roles_can_access_templates" time="1.555" /></testsuite></testsuites>