<?xml version="1.0" encoding="utf-8"?><testsuites name="pytest tests"><testsuite name="pytest" errors="0" failures="4" skipped="0" tests="13" time="2.311" timestamp="2026-03-17T03:21:49.584892+00:00" hostname="agent-env-9f48c12a-d0b3-44f2-ba58-8444ed501590"><testcase classname="backend.tests.test_loan_tracking_bugfix.TestCodeStructure" name="test_trackLoanUsage_transfer_detection" time="0.001" /><testcase classname="backend.tests.test_loan_tracking_bugfix.TestCodeStructure" name="test_trackMultipleLoans_structure" time="0.000" /><testcase classname="backend.tests.test_loan_tracking_bugfix.TestCodeStructure" name="test_transfer_type_output" time="0.000" /><testcase classname="backend.tests.test_loan_tracking_bugfix.TestFrontendModal" name="test_modal_api_integration" time="0.000" /><testcase classname="backend.tests.test_loan_tracking_bugfix.TestFrontendModal" name="test_modal_displays_transfer_info" time="0.000" /><testcase classname="backend.tests.test_loan_tracking_bugfix.TestAPIEndpoints" name="test_trackLoanUsage_endpoint" time="1.060"><failure message="AssertionError: Endpoint should be accessible. Got: 404&#10;assert 404 in [200, 500]&#10; +  where 404 = &lt;Response [404]&gt;.status_code">backend/tests/test_loan_tracking_bugfix.py:215: in test_trackLoanUsage_endpoint
    assert response.status_code in [200, 500], \
E   AssertionError: Endpoint should be accessible. Got: 404
E   assert 404 in [200, 500]
E    +  where 404 = &lt;Response [404]&gt;.status_code</failure></testcase><testcase classname="backend.tests.test_loan_tracking_bugfix.TestAPIEndpoints" name="test_getSuspectedLoanDeposits_endpoint" time="0.340"><failure message="AssertionError: Endpoint should be accessible. Got: 404&#10;assert 404 in [200, 500]&#10; +  where 404 = &lt;Response [404]&gt;.status_code">backend/tests/test_loan_tracking_bugfix.py:231: in test_getSuspectedLoanDeposits_endpoint
    assert response.status_code in [200, 500], \
E   AssertionError: Endpoint should be accessible. Got: 404
E   assert 404 in [200, 500]
E    +  where 404 = &lt;Response [404]&gt;.status_code</failure></testcase><testcase classname="backend.tests.test_loan_tracking_bugfix.TestAPIEndpoints" name="test_searchLoanDeposits_endpoint" time="0.371"><failure message="AssertionError: Endpoint should be accessible. Got: 404&#10;assert 404 in [200, 500]&#10; +  where 404 = &lt;Response [404]&gt;.status_code">backend/tests/test_loan_tracking_bugfix.py:247: in test_searchLoanDeposits_endpoint
    assert response.status_code in [200, 500], \
E   AssertionError: Endpoint should be accessible. Got: 404
E   assert 404 in [200, 500]
E    +  where 404 = &lt;Response [404]&gt;.status_code</failure></testcase><testcase classname="backend.tests.test_loan_tracking_bugfix.TestAPIEndpoints" name="test_trackMultipleLoans_endpoint" time="0.434"><failure message="AssertionError: Endpoint should be accessible. Got: 404&#10;assert 404 in [200, 500]&#10; +  where 404 = &lt;Response [404]&gt;.status_code">backend/tests/test_loan_tracking_bugfix.py:263: in test_trackMultipleLoans_endpoint
    assert response.status_code in [200, 500], \
E   AssertionError: Endpoint should be accessible. Got: 404
E   assert 404 in [200, 500]
E    +  where 404 = &lt;Response [404]&gt;.status_code</failure></testcase><testcase classname="backend.tests.test_loan_tracking_bugfix.TestLoanTrackingLogicDetails" name="test_scenario_transfer_within_same_case" time="0.000" /><testcase classname="backend.tests.test_loan_tracking_bugfix.TestLoanTrackingLogicDetails" name="test_scenario_normal_withdrawal_still_works" time="0.000" /><testcase classname="backend.tests.test_loan_tracking_bugfix.TestLoanTrackingLogicDetails" name="test_transfer_keywords_comprehensive" time="0.000" /><testcase classname="backend.tests.test_loan_tracking_bugfix.TestSummary" name="test_p0_bug_fix_complete" time="0.000" /></testsuite></testsuites>