<?xml version="1.0" encoding="utf-8"?><testsuites name="pytest tests"><testsuite name="pytest" errors="0" failures="0" skipped="0" tests="25" time="2.183" timestamp="2026-03-17T03:38:17.629825+00:00" hostname="agent-env-9f48c12a-d0b3-44f2-ba58-8444ed501590"><testcase classname="backend.tests.test_track_multiple_loans_algorithm.TestTrackMultipleLoansAlgorithm" name="test_stage1_loan_budget_management" time="0.001" /><testcase classname="backend.tests.test_track_multiple_loans_algorithm.TestTrackMultipleLoansAlgorithm" name="test_stage2_destination_withdrawals_budget_only" time="0.000" /><testcase classname="backend.tests.test_track_multiple_loans_algorithm.TestTrackMultipleLoansAlgorithm" name="test_stage3_sorting_and_remaining_loan_recalculation" time="0.000" /><testcase classname="backend.tests.test_track_multiple_loans_algorithm.TestTrackMultipleLoansAlgorithm" name="test_transfers_do_not_change_remaining_loan" time="0.000" /><testcase classname="backend.tests.test_track_multiple_loans_algorithm.TestTrackMultipleLoansAlgorithm" name="test_deposit_match_map_array_based" time="0.000" /><testcase classname="backend.tests.test_track_multiple_loans_algorithm.TestTrackMultipleLoansAlgorithm" name="test_loan_budget_does_not_exceed_loan_amount" time="0.000" /><testcase classname="backend.tests.test_track_multiple_loans_algorithm.TestTrackMultipleLoansAlgorithm" name="test_summary_values_accuracy" time="0.000" /><testcase classname="backend.tests.test_track_multiple_loans_algorithm.TestTrackLoanUsageTransferHandling" name="test_transfer_keywords_detection" time="0.000" /><testcase classname="backend.tests.test_track_multiple_loans_algorithm.TestTrackLoanUsageTransferHandling" name="test_transfer_does_not_decrement_remaining_loan" time="0.000" /><testcase classname="backend.tests.test_track_multiple_loans_algorithm.TestTrackLoanUsageTransferHandling" name="test_transfer_type_assigned_correctly" time="0.000" /><testcase classname="backend.tests.test_track_multiple_loans_algorithm.TestTrackLoanUsageTransferHandling" name="test_break_condition_excludes_transfers" time="0.000" /><testcase classname="backend.tests.test_track_multiple_loans_algorithm.TestAlgorithmCompleteness" name="test_all_bug_fixes_applied" time="0.000" /><testcase classname="backend.tests.test_loan_tracking_bugfix.TestCodeStructure" name="test_trackLoanUsage_transfer_detection" time="0.000" /><testcase classname="backend.tests.test_loan_tracking_bugfix.TestCodeStructure" name="test_trackMultipleLoans_structure" time="0.000" /><testcase classname="backend.tests.test_loan_tracking_bugfix.TestCodeStructure" name="test_transfer_type_output" time="0.000" /><testcase classname="backend.tests.test_loan_tracking_bugfix.TestFrontendModal" name="test_modal_api_integration" time="0.000" /><testcase classname="backend.tests.test_loan_tracking_bugfix.TestFrontendModal" name="test_modal_displays_transfer_info" time="0.000" /><testcase classname="backend.tests.test_loan_tracking_bugfix.TestAPIEndpoints" name="test_trackLoanUsage_endpoint" time="0.779" /><testcase classname="backend.tests.test_loan_tracking_bugfix.TestAPIEndpoints" name="test_getSuspectedLoanDeposits_endpoint" time="0.506" /><testcase classname="backend.tests.test_loan_tracking_bugfix.TestAPIEndpoints" name="test_searchLoanDeposits_endpoint" time="0.341" /><testcase classname="backend.tests.test_loan_tracking_bugfix.TestAPIEndpoints" name="test_trackMultipleLoans_endpoint" time="0.496" /><testcase classname="backend.tests.test_loan_tracking_bugfix.TestLoanTrackingLogicDetails" name="test_scenario_transfer_within_same_case" time="0.000" /><testcase classname="backend.tests.test_loan_tracking_bugfix.TestLoanTrackingLogicDetails" name="test_scenario_normal_withdrawal_still_works" time="0.000" /><testcase classname="backend.tests.test_loan_tracking_bugfix.TestLoanTrackingLogicDetails" name="test_transfer_keywords_comprehensive" time="0.000" /><testcase classname="backend.tests.test_loan_tracking_bugfix.TestSummary" name="test_p0_bug_fix_complete" time="0.000" /></testsuite></testsuites>